<?xml version="1.0" encoding="UTF-8"?>
<testsuite name="com.group.libraryapp.calculator.CalculatorTest" tests="5" skipped="0" failures="0" errors="0" timestamp="2023-10-19T02:27:37" hostname="Dui-wilump-L42JHCPX7Q.local" time="0.027">
  <properties/>
  <testcase name="subtract()" classname="com.group.libraryapp.calculator.CalculatorTest" time="0.023"/>
  <testcase name="divide()" classname="com.group.libraryapp.calculator.CalculatorTest" time="0.0"/>
  <testcase name="add()" classname="com.group.libraryapp.calculator.CalculatorTest" time="0.0"/>
  <testcase name="multiply()" classname="com.group.libraryapp.calculator.CalculatorTest" time="0.0"/>
  <testcase name="divideException()" classname="com.group.libraryapp.calculator.CalculatorTest" time="0.002"/>
  <system-out><![CDATA[]]></system-out>
  <system-err><![CDATA[]]></system-err>
</testsuite>
